2025-06-06 10:15:02,197 - INFO - 
==== INICIANDO PROCESSAMENTO COMPLETO ====
2025-06-06 10:15:02,205 - INFO - Tentando abrir o arquivo PDF: \\192.168.3.68\Fluxos - automação\02 - DADOS DA PLANILHA DAS DUPLAS\4 - LISTA DE CONTAS.pdf
2025-06-06 10:15:02,218 - INFO - Arquivo PDF encontrado, abrindo...
2025-06-06 10:15:02,243 - INFO - PDF aberto com sucesso. Total de páginas: 5
2025-06-06 10:15:02,246 - INFO - Extraindo texto da página 1...
2025-06-06 10:15:02,293 - INFO - Extraindo texto da página 2...
2025-06-06 10:15:02,327 - INFO - Extraindo texto da página 3...
2025-06-06 10:15:02,357 - INFO - Extraindo texto da página 4...
2025-06-06 10:15:02,388 - INFO - Extraindo texto da página 5...
2025-06-06 10:15:02,407 - INFO - Iniciando extração de dados das contas do PDF...
2025-06-06 10:15:02,410 - INFO - Encontrada conta 1: 3791 | 10199 | FADEX LEISH IN BR 2016...
2025-06-06 10:15:02,414 - INFO - Encontrada conta 2: 3791 | 10423 | FADEX LEISH IN BR...
2025-06-06 10:15:02,418 - INFO - Encontrada conta 3: 3791 | 10518 | FADEX U C 062018 PARFOR...
2025-06-06 10:15:02,421 - INFO - Encontrada conta 4: 3791 | 10567 | FADEX OBS QUILOMBOS PI...
2025-06-06 10:15:02,424 - INFO - Encontrada conta 5: 3791 | 10634 | FADEX CONV REDE POTI...
2025-06-06 10:15:02,427 - INFO - Encontrada conta 50: 3791 | 11390 | FADEX UFPI 212022 EJA DA...
2025-06-06 10:15:02,431 - INFO - Encontrada conta 100: 3791 | 11745 | FADEX DETRAN...
2025-06-06 10:15:02,435 - INFO - Encontrada conta 150: 3791 | 11959 | FADEX UFPI 10/24 INOVA...
2025-06-06 10:15:02,439 - INFO - Encontrada conta 200: 3791 | 12085 | FADEX UNIVASF MEST EXT RU...
2025-06-06 10:15:02,442 - INFO - Encontrada conta 250: 3791 | 12318 | FADEX SEDUC 17-25 XADREX...
2025-06-06 10:15:02,445 - INFO - Extração do PDF concluída. Encontradas 250 contas.
2025-06-06 10:15:02,449 - INFO - Extraindo categorias das pastas em: \\192.168.3.68\Contratos Digitalizados\1 - PROJETOS EM EXECUÇÃO
2025-06-06 10:15:02,526 - INFO - Extração de categorias concluída. Encontradas 296 categorias de contas.
2025-06-06 10:15:02,530 - INFO - Combinando dados de contas com categorias...
2025-06-06 10:15:02,626 - INFO - Backup criado: \\192.168.3.234\Documents\extrato-bb\extratos-bb-backend\backups\contas_backup_20250606_101502.xlsx
2025-06-06 10:15:02,630 - INFO - Salvando dados em Excel...
2025-06-06 10:15:02,785 - INFO - Excel salvo com sucesso.
2025-06-06 10:15:02,788 - INFO - Formatando a planilha Excel...
2025-06-06 10:15:02,950 - INFO - Planilha formatada e salva com sucesso
2025-06-06 10:15:02,954 - INFO - 
==== PROCESSAMENTO CONCLUÍDO ====
2025-06-06 10:15:02,956 - INFO - Total de contas extraídas do PDF: 250
2025-06-06 10:15:02,959 - INFO - Total de contas com categoria: 237
2025-06-06 10:15:02,962 - INFO - Total de contas sem categoria: 13
2025-06-06 10:15:02,965 - INFO - O arquivo Excel foi salvo como: \\192.168.3.234\Documents\extrato-bb\extratos-bb-backend\contas.xlsx
